<?xml version="1.0" encoding="UTF-8"?>
<!-- Generated by org.testng.reporters.JUnitXMLReporter -->
<testsuite ignored="0" hostname="Lobna-PC" failures="0" tests="4" name="Default test" time="9.377" errors="0" timestamp="٢٠٢٦-٠٤-٠٤T٢١:٢١:٢٤ EET">
  <testcase classname="tests.AddProductReviewTest" name="userCanRegisterAndLoginSuccessfully" time="1.412"/>
  <testcase classname="tests.AddProductReviewTest" name="UserCanSearchAutoSuggest" time="1.518"/>
  <testcase classname="tests.AddProductReviewTest" name="RegisteredUserCanReviewProduct" time="1.006"/>
  <testcase classname="tests.AddProductReviewTest" name="RegisteredUserCanLogout" time="1.388"/>
</testsuite> <!-- Default test -->
