<?xml version="1.0" encoding="UTF-8"?>
<!-- Generated by org.testng.reporters.JUnitXMLReporter -->
<testsuite ignored="0" hostname="Lobna-PC" failures="2" tests="30" name="Regression Test" time="73.674" errors="0" timestamp="٢٠٢٦-٠٤-٠٤T٢١:٠٨:٣٥ EET">
  <testcase classname="tests.UserRegistrationTest" name="userCanRegisterAndLoginSuccessfully" time="2.399"/>
  <testcase classname="tests.AddProductReviewTest" name="userCanRegisterAndLoginSuccessfully" time="1.212"/>
  <testcase classname="tests.AddProductReviewTest" name="UserCanSearchAutoSuggest" time="1.57"/>
  <testcase classname="tests.AddProductReviewTest" name="RegisteredUserCanReviewProduct" time="0.973"/>
  <testcase classname="tests.AddProductReviewTest" name="RegisteredUserCanLogout" time="1.372"/>
  <testcase classname="tests.AddProductToShoppingCartTest" name="UserCanSearchAutoSuggest" time="1.426"/>
  <testcase classname="tests.AddProductToShoppingCartTest" name="UserCanAddProductToShoppingCart" time="1.415"/>
  <testcase classname="tests.AddProductToShoppingCartTest" name="UserCanRemoveProductFromCart" time="0.355"/>
  <testcase classname="tests.AddProductToWishlistTest" name="UserCanSearchAutoSuggest" time="1.452"/>
  <testcase classname="tests.AddProductToWishlistTest" name="UserCanAddProductToWishlist" time="0.304"/>
  <testcase classname="tests.AddProductToWishlistTest" name="UserCanRemoveProductFromCart" time="0.196"/>
  <testcase classname="tests.ChangeCurrencyTest" name="UserCanChangeCurrency" time="0.386"/>
  <testcase classname="tests.ChangeCurrencyTest" name="UserCanSearchWithAutoSuggest" time="1.656"/>
  <testcase classname="tests.ContactUsTest" name="UserCanUseContactUs" time="0.985"/>
  <testcase classname="tests.EmailFriendTest" name="userCanRegisterAndLoginSuccessfully" time="1.286"/>
  <testcase classname="tests.EmailFriendTest" name="UserCanSearchAutoSuggest" time="1.303"/>
  <testcase classname="tests.EmailFriendTest" name="RegisteredUserCanSendProductToFriend" time="0.651"/>
  <testcase classname="tests.EmailFriendTest" name="RegisteredUserCanLogout" time="0.302"/>
  <testcase classname="tests.MyAccountTest" name="userCanRegisterAndLoginSuccessfully" time="1.13"/>
  <testcase classname="tests.MyAccountTest" name="userCanChangePasswordSuccessfully" time="1.143"/>
  <testcase classname="tests.MyAccountTest" name="userCanLogout" time="1.122">
    <failure type="org.openqa.selenium.ElementClickInterceptedException" message="element click intercepted: Element &amp;lt;a href=&amp;quot;/logout&amp;quot; class=&amp;quot;ico-logout&amp;quot;&amp;gt;...&amp;lt;/a&amp;gt; is not clickable at point (1084, 22). Other element would receive the click: &amp;lt;p class=&amp;quot;content&amp;quot;&amp;gt;...&amp;lt;/p&amp;gt;
  (Session info: chrome=146.0.7680.178)
Build info: version: &amp;apos;4.21.0&amp;apos;, revision: &amp;apos;79ed462ef4&amp;apos;
System info: os.name: &amp;apos;Windows 10&amp;apos;, os.arch: &amp;apos;amd64&amp;apos;, os.version: &amp;apos;10.0&amp;apos;, java.version: &amp;apos;17.0.12&amp;apos;
Driver info: org.openqa.selenium.remote.RemoteWebDriver
Command: [089403a0ebabb85bbc3cf0c51bd0a785, clickElement {id=f.92D5D222A97AE7EB98A6600C3AA95768.d.3E44A1174D56C88D98D3EBE4B76A4EF3.e.158}]
Capabilities {acceptInsecureCerts: true, browserName: chrome, browserVersion: 146.0.7680.178, chrome: {chromedriverVersion: 146.0.7680.165 (4b989da09e1..., userDataDir: C:\Users\COMPUS~1\AppData\L...}, fedcm:accounts: true, goog:chromeOptions: {debuggerAddress: localhost:62254}, goog:processID: 18040, networkConnectionEnabled: false, pageLoadStrategy: normal, platformName: windows, proxy: Proxy(), setWindowRect: true, strictFileInteractability: false, timeouts: {implicit: 0, pageLoad: 300000, script: 30000}, unhandledPromptBehavior: dismiss and notify, webauthn:extension:credBlob: true, webauthn:extension:largeBlob: true, webauthn:extension:minPinLength: true, webauthn:extension:prf: true, webauthn:virtualAuthenticators: true}
Element: [[RemoteWebDriver: chrome on windows (089403a0ebabb85bbc3cf0c51bd0a785)] -&amp;gt; xpath: //a[text()=&amp;apos;Log out&amp;apos;]]
Session ID: 089403a0ebabb85bbc3cf0c51bd0a785">
      <![CDATA[org.openqa.selenium.ElementClickInterceptedException: element click intercepted: Element <a href="/logout" class="ico-logout">...</a> is not clickable at point (1084, 22). Other element would receive the click: <p class="content">...</p>
  (Session info: chrome=146.0.7680.178)
Build info: version: '4.21.0', revision: '79ed462ef4'
System info: os.name: 'Windows 10', os.arch: 'amd64', os.version: '10.0', java.version: '17.0.12'
Driver info: org.openqa.selenium.remote.RemoteWebDriver
Command: [089403a0ebabb85bbc3cf0c51bd0a785, clickElement {id=f.92D5D222A97AE7EB98A6600C3AA95768.d.3E44A1174D56C88D98D3EBE4B76A4EF3.e.158}]
Capabilities {acceptInsecureCerts: true, browserName: chrome, browserVersion: 146.0.7680.178, chrome: {chromedriverVersion: 146.0.7680.165 (4b989da09e1..., userDataDir: C:\Users\COMPUS~1\AppData\L...}, fedcm:accounts: true, goog:chromeOptions: {debuggerAddress: localhost:62254}, goog:processID: 18040, networkConnectionEnabled: false, pageLoadStrategy: normal, platformName: windows, proxy: Proxy(), setWindowRect: true, strictFileInteractability: false, timeouts: {implicit: 0, pageLoad: 300000, script: 30000}, unhandledPromptBehavior: dismiss and notify, webauthn:extension:credBlob: true, webauthn:extension:largeBlob: true, webauthn:extension:minPinLength: true, webauthn:extension:prf: true, webauthn:virtualAuthenticators: true}
Element: [[RemoteWebDriver: chrome on windows (089403a0ebabb85bbc3cf0c51bd0a785)] -> xpath: //a[text()='Log out']]
Session ID: 089403a0ebabb85bbc3cf0c51bd0a785
at org.openqa.selenium.remote.ErrorCodec.decode(ErrorCodec.java:167)
at org.openqa.selenium.remote.codec.w3c.W3CHttpResponseCodec.decode(W3CHttpResponseCodec.java:138)
at org.openqa.selenium.remote.codec.w3c.W3CHttpResponseCodec.decode(W3CHttpResponseCodec.java:50)
at org.openqa.selenium.remote.HttpCommandExecutor.execute(HttpCommandExecutor.java:190)
at org.openqa.selenium.remote.TracedCommandExecutor.execute(TracedCommandExecutor.java:51)
at org.openqa.selenium.remote.RemoteWebDriver.execute(RemoteWebDriver.java:518)
at org.openqa.selenium.remote.RemoteWebElement.execute(RemoteWebElement.java:223)
at org.openqa.selenium.remote.RemoteWebElement.click(RemoteWebElement.java:76)
at org.openqa.selenium.support.pagefactory.internal.LocatingElementHandler.invoke(LocatingElementHandler.java:51)
at jdk.proxy2/jdk.proxy2.$Proxy17.click(Unknown Source)
at pages.PageBase.clickButton(PageBase.java:21)
at pages.HomePage.userLogout(HomePage.java:61)
at tests.MyAccountTest.userCanLogout(MyAccountTest.java:48)
at java.base/java.util.ArrayList.forEach(ArrayList.java:1511)
... Removed 35 stack frames]]>
    </failure>
  </testcase> <!-- userCanLogout -->
  <testcase classname="tests.MyAccountTest" name="userCanLoginWithNewPassword" time="10.026">
    <failure type="org.openqa.selenium.NoSuchElementException" message="no such element: Unable to locate element: {&amp;quot;method&amp;quot;:&amp;quot;link text&amp;quot;,&amp;quot;selector&amp;quot;:&amp;quot;Log in&amp;quot;}
  (Session info: chrome=146.0.7680.178)
For documentation on this error, please visit: https://www.selenium.dev/documentation/webdriver/troubleshooting/errors#no-such-element-exception
Build info: version: &amp;apos;4.21.0&amp;apos;, revision: &amp;apos;79ed462ef4&amp;apos;
System info: os.name: &amp;apos;Windows 10&amp;apos;, os.arch: &amp;apos;amd64&amp;apos;, os.version: &amp;apos;10.0&amp;apos;, java.version: &amp;apos;17.0.12&amp;apos;
Driver info: org.openqa.selenium.remote.RemoteWebDriver
Command: [089403a0ebabb85bbc3cf0c51bd0a785, findElement {value=Log in, using=link text}]
Capabilities {acceptInsecureCerts: true, browserName: chrome, browserVersion: 146.0.7680.178, chrome: {chromedriverVersion: 146.0.7680.165 (4b989da09e1..., userDataDir: C:\Users\COMPUS~1\AppData\L...}, fedcm:accounts: true, goog:chromeOptions: {debuggerAddress: localhost:62254}, goog:processID: 18040, networkConnectionEnabled: false, pageLoadStrategy: normal, platformName: windows, proxy: Proxy(), setWindowRect: true, strictFileInteractability: false, timeouts: {implicit: 0, pageLoad: 300000, script: 30000}, unhandledPromptBehavior: dismiss and notify, webauthn:extension:credBlob: true, webauthn:extension:largeBlob: true, webauthn:extension:minPinLength: true, webauthn:extension:prf: true, webauthn:virtualAuthenticators: true}
Session ID: 089403a0ebabb85bbc3cf0c51bd0a785">
      <![CDATA[org.openqa.selenium.NoSuchElementException: no such element: Unable to locate element: {"method":"link text","selector":"Log in"}
  (Session info: chrome=146.0.7680.178)
For documentation on this error, please visit: https://www.selenium.dev/documentation/webdriver/troubleshooting/errors#no-such-element-exception
Build info: version: '4.21.0', revision: '79ed462ef4'
System info: os.name: 'Windows 10', os.arch: 'amd64', os.version: '10.0', java.version: '17.0.12'
Driver info: org.openqa.selenium.remote.RemoteWebDriver
Command: [089403a0ebabb85bbc3cf0c51bd0a785, findElement {value=Log in, using=link text}]
Capabilities {acceptInsecureCerts: true, browserName: chrome, browserVersion: 146.0.7680.178, chrome: {chromedriverVersion: 146.0.7680.165 (4b989da09e1..., userDataDir: C:\Users\COMPUS~1\AppData\L...}, fedcm:accounts: true, goog:chromeOptions: {debuggerAddress: localhost:62254}, goog:processID: 18040, networkConnectionEnabled: false, pageLoadStrategy: normal, platformName: windows, proxy: Proxy(), setWindowRect: true, strictFileInteractability: false, timeouts: {implicit: 0, pageLoad: 300000, script: 30000}, unhandledPromptBehavior: dismiss and notify, webauthn:extension:credBlob: true, webauthn:extension:largeBlob: true, webauthn:extension:minPinLength: true, webauthn:extension:prf: true, webauthn:virtualAuthenticators: true}
Session ID: 089403a0ebabb85bbc3cf0c51bd0a785
at org.openqa.selenium.remote.ErrorCodec.decode(ErrorCodec.java:167)
at org.openqa.selenium.remote.codec.w3c.W3CHttpResponseCodec.decode(W3CHttpResponseCodec.java:138)
at org.openqa.selenium.remote.codec.w3c.W3CHttpResponseCodec.decode(W3CHttpResponseCodec.java:50)
at org.openqa.selenium.remote.HttpCommandExecutor.execute(HttpCommandExecutor.java:190)
at org.openqa.selenium.remote.TracedCommandExecutor.execute(TracedCommandExecutor.java:51)
at org.openqa.selenium.remote.RemoteWebDriver.execute(RemoteWebDriver.java:518)
at org.openqa.selenium.remote.ElementLocation$ElementFinder$2.findElement(ElementLocation.java:165)
at org.openqa.selenium.remote.ElementLocation.findElement(ElementLocation.java:59)
at org.openqa.selenium.remote.RemoteWebDriver.findElement(RemoteWebDriver.java:355)
at org.openqa.selenium.remote.RemoteWebDriver.findElement(RemoteWebDriver.java:349)
at org.openqa.selenium.support.pagefactory.DefaultElementLocator.findElement(DefaultElementLocator.java:68)
at org.openqa.selenium.support.pagefactory.internal.LocatingElementHandler.invoke(LocatingElementHandler.java:38)
at jdk.proxy2/jdk.proxy2.$Proxy17.click(Unknown Source)
at pages.PageBase.clickButton(PageBase.java:21)
at pages.HomePage.openLoginPage(HomePage.java:51)
at tests.MyAccountTest.userCanLoginWithNewPassword(MyAccountTest.java:54)
at java.base/java.util.ArrayList.forEach(ArrayList.java:1511)
... Removed 32 stack frames]]>
    </failure>
  </testcase> <!-- userCanLoginWithNewPassword -->
  <testcase classname="tests.ProductHoverMenuTest" name="UserCanSelectSubCategoryFromMainMenu" time="0.701"/>
  <testcase classname="tests.RegisteredUserCheckoutProduct" name="UserCanRegisterSuccessfully" time="1.211"/>
  <testcase classname="tests.RegisteredUserCheckoutProduct" name="UserCanSearchWithAutosuggest" time="1.245"/>
  <testcase classname="tests.RegisteredUserCheckoutProduct" name="UserCanAddProductToShoppingCart" time="1.414"/>
  <testcase classname="tests.RegisteredUserCheckoutProduct" name="UserCanCheckoutProduct" time="7.927"/>
  <testcase classname="tests.RegisteredUserCheckoutProduct" name="RegisteredUserCanLogout" time="0.885"/>
  <testcase classname="tests.SearchProductTest" name="UserCanSearchForProduct" time="1.47"/>
  <testcase classname="tests.SearchProductUsingAutosugesst" name="UserCanSearchAutoSuggest" time="1.636"/>
</testsuite> <!-- Regression Test -->
