<?xml version="1.0" encoding="UTF-8"?>
<!-- Generated by org.testng.reporters.JUnitXMLReporter -->
<testsuite ignored="0" hostname="Lobna-PC" failures="0" tests="30" name="Regression Test" time="76.658" errors="0" timestamp="٢٠٢٦-٠٣-٢٣T١٤:١٣:٣٦ EET">
  <testcase classname="tests.UserRegistrationTest" name="userCanRegisterAndLoginSuccessfully" time="3.556"/>
  <testcase classname="tests.AddProductReviewTest" name="userCanRegisterAndLoginSuccessfully" time="1.564"/>
  <testcase classname="tests.AddProductReviewTest" name="UserCanSearchAutoSuggest" time="3.524"/>
  <testcase classname="tests.AddProductReviewTest" name="RegisteredUserCanReviewProduct" time="1.457"/>
  <testcase classname="tests.AddProductReviewTest" name="RegisteredUserCanLogout" time="1.516"/>
  <testcase classname="tests.AddProductToShoppingCartTest" name="UserCanSearchAutoSuggest" time="1.566"/>
  <testcase classname="tests.AddProductToShoppingCartTest" name="UserCanAddProductToShoppingCart" time="1.626"/>
  <testcase classname="tests.AddProductToShoppingCartTest" name="UserCanRemoveProductFromCart" time="0.456"/>
  <testcase classname="tests.AddProductToWishlistTest" name="UserCanSearchAutoSuggest" time="1.641"/>
  <testcase classname="tests.AddProductToWishlistTest" name="UserCanAddProductToWishlist" time="0.452"/>
  <testcase classname="tests.AddProductToWishlistTest" name="UserCanRemoveProductFromCart" time="0.224"/>
  <testcase classname="tests.ChangeCurrencyTest" name="UserCanChangeCurrency" time="0.579"/>
  <testcase classname="tests.ChangeCurrencyTest" name="UserCanSearchWithAutoSuggest" time="1.551"/>
  <testcase classname="tests.ContactUsTest" name="UserCanUseContactUs" time="1.35"/>
  <testcase classname="tests.EmailFriendTest" name="userCanRegisterAndLoginSuccessfully" time="1.73"/>
  <testcase classname="tests.EmailFriendTest" name="UserCanSearchAutoSuggest" time="1.694"/>
  <testcase classname="tests.EmailFriendTest" name="RegisteredUserCanSendProductToFriend" time="0.92"/>
  <testcase classname="tests.EmailFriendTest" name="RegisteredUserCanLogout" time="0.461"/>
  <testcase classname="tests.MyAccountTest" name="userCanRegisterAndLoginSuccessfully" time="1.476"/>
  <testcase classname="tests.MyAccountTest" name="userCanChangePasswordSuccessfully" time="1.395"/>
  <testcase classname="tests.MyAccountTest" name="userCanLogout" time="1.356"/>
  <testcase classname="tests.MyAccountTest" name="userCanLoginWithNewPassword" time="0.967"/>
  <testcase classname="tests.ProductHoverMenuTest" name="UserCanSelectSubCategoryFromMainMenu" time="0.887"/>
  <testcase classname="tests.RegisteredUserCheckoutProduct" name="UserCanRegisterSuccessfully" time="1.567"/>
  <testcase classname="tests.RegisteredUserCheckoutProduct" name="UserCanSearchWithAutosuggest" time="1.543"/>
  <testcase classname="tests.RegisteredUserCheckoutProduct" name="UserCanAddProductToShoppingCart" time="1.526"/>
  <testcase classname="tests.RegisteredUserCheckoutProduct" name="UserCanCheckoutProduct" time="8.735"/>
  <testcase classname="tests.RegisteredUserCheckoutProduct" name="RegisteredUserCanLogout" time="1.086"/>
  <testcase classname="tests.SearchProductTest" name="UserCanSearchForProduct" time="1.757"/>
  <testcase classname="tests.SearchProductUsingAutosugesst" name="UserCanSearchAutoSuggest" time="1.686"/>
</testsuite> <!-- Regression Test -->
