<?xml version="1.0" encoding="UTF-8"?>
<testsuite xmlns:xsi="http://www.w3.org/2001/XMLSchema-instance" xsi:noNamespaceSchemaLocation="https://maven.apache.org/surefire/maven-surefire-plugin/xsd/surefire-test-report.xsd" version="3.0.2" name="TestSuite" time="100.984" tests="30" errors="0" skipped="0" failures="2" flakes="0">
  <properties>
[...]
</properties>
  <testcase name="userCanRegisterAndLoginSuccessfully" classname="tests.UserRegistrationTest" time="3.959">
    <system-err><![CDATA[[main] WARN org.testng.xml.TestNGContentHandler - It is strongly recommended to add "<!DOCTYPE suite SYSTEM "https://testng.org/testng-1.1.dtd" >" at the top of the suite file [C:\Users\CompuSoft\eclipse-workspace\project\testng.xml] otherwise TestNG may fail or not work as expected.
[main] INFO io.github.bonigarcia.wdm.WebDriverManager - Using chromedriver 146.0.7680.165 (resolved driver for Chrome 146)
[main] INFO io.github.bonigarcia.wdm.WebDriverManager - Exporting webdriver.chrome.driver as C:\Users\CompuSoft\.cache\selenium\chromedriver\win64\146.0.7680.165\chromedriver.exe
أبريل ??, ???? ?:??:?? م org.openqa.selenium.remote.tracing.opentelemetry.OpenTelemetryTracer createTracer
INFO: Using OpenTelemetry for tracing
]]></system-err>
  </testcase>
  <testcase name="userCanRegisterAndLoginSuccessfully" classname="tests.AddProductReviewTest" time="1.23">
    <system-err><![CDATA[[main] INFO io.github.bonigarcia.wdm.WebDriverManager - Using chromedriver 146.0.7680.165 (resolved driver for Chrome 146)
[main] INFO io.github.bonigarcia.wdm.WebDriverManager - Exporting webdriver.chrome.driver as C:\Users\CompuSoft\.cache\selenium\chromedriver\win64\146.0.7680.165\chromedriver.exe
]]></system-err>
  </testcase>
  <testcase name="UserCanSearchAutoSuggest" classname="tests.AddProductReviewTest" time="3.355"/>
  <testcase name="RegisteredUserCanReviewProduct" classname="tests.AddProductReviewTest" time="1.047"/>
  <testcase name="RegisteredUserCanLogout" classname="tests.AddProductReviewTest" time="1.379"/>
  <testcase name="UserCanSearchAutoSuggest" classname="tests.AddProductToShoppingCartTest" time="1.55">
    <system-err><![CDATA[[main] INFO io.github.bonigarcia.wdm.WebDriverManager - Using chromedriver 146.0.7680.165 (resolved driver for Chrome 146)
[main] INFO io.github.bonigarcia.wdm.WebDriverManager - Exporting webdriver.chrome.driver as C:\Users\CompuSoft\.cache\selenium\chromedriver\win64\146.0.7680.165\chromedriver.exe
]]></system-err>
  </testcase>
  <testcase name="UserCanAddProductToShoppingCart" classname="tests.AddProductToShoppingCartTest" time="2.469"/>
  <testcase name="UserCanRemoveProductFromCart" classname="tests.AddProductToShoppingCartTest" time="0.205"/>
  <testcase name="UserCanSearchAutoSuggest" classname="tests.AddProductToWishlistTest" time="1.531">
    <system-err><![CDATA[[main] INFO io.github.bonigarcia.wdm.WebDriverManager - Using chromedriver 146.0.7680.165 (resolved driver for Chrome 146)
[main] INFO io.github.bonigarcia.wdm.WebDriverManager - Exporting webdriver.chrome.driver as C:\Users\CompuSoft\.cache\selenium\chromedriver\win64\146.0.7680.165\chromedriver.exe
]]></system-err>
  </testcase>
  <testcase name="UserCanAddProductToWishlist" classname="tests.AddProductToWishlistTest" time="0.385"/>
  <testcase name="UserCanRemoveProductFromCart" classname="tests.AddProductToWishlistTest" time="0.237"/>
  <testcase name="UserCanChangeCurrency" classname="tests.ChangeCurrencyTest" time="0.431">
    <system-err><![CDATA[[main] INFO io.github.bonigarcia.wdm.WebDriverManager - Using chromedriver 146.0.7680.165 (resolved driver for Chrome 146)
[main] INFO io.github.bonigarcia.wdm.WebDriverManager - Exporting webdriver.chrome.driver as C:\Users\CompuSoft\.cache\selenium\chromedriver\win64\146.0.7680.165\chromedriver.exe
]]></system-err>
  </testcase>
  <testcase name="UserCanSearchWithAutoSuggest" classname="tests.ChangeCurrencyTest" time="1.469"/>
  <testcase name="UserCanUseContactUs" classname="tests.ContactUsTest" time="1.103">
    <system-err><![CDATA[[main] INFO io.github.bonigarcia.wdm.WebDriverManager - Using chromedriver 146.0.7680.165 (resolved driver for Chrome 146)
[main] INFO io.github.bonigarcia.wdm.WebDriverManager - Exporting webdriver.chrome.driver as C:\Users\CompuSoft\.cache\selenium\chromedriver\win64\146.0.7680.165\chromedriver.exe
]]></system-err>
  </testcase>
  <testcase name="userCanRegisterAndLoginSuccessfully" classname="tests.EmailFriendTest" time="1.184">
    <system-err><![CDATA[[main] INFO io.github.bonigarcia.wdm.WebDriverManager - Using chromedriver 146.0.7680.165 (resolved driver for Chrome 146)
[main] INFO io.github.bonigarcia.wdm.WebDriverManager - Exporting webdriver.chrome.driver as C:\Users\CompuSoft\.cache\selenium\chromedriver\win64\146.0.7680.165\chromedriver.exe
]]></system-err>
  </testcase>
  <testcase name="UserCanSearchAutoSuggest" classname="tests.EmailFriendTest" time="1.313"/>
  <testcase name="RegisteredUserCanSendProductToFriend" classname="tests.EmailFriendTest" time="0.69"/>
  <testcase name="RegisteredUserCanLogout" classname="tests.EmailFriendTest" time="0.248"/>
  <testcase name="userCanRegisterAndLoginSuccessfully" classname="tests.MyAccountTest" time="1.257">
    <system-err><![CDATA[[main] INFO io.github.bonigarcia.wdm.WebDriverManager - Using chromedriver 146.0.7680.165 (resolved driver for Chrome 146)
[main] INFO io.github.bonigarcia.wdm.WebDriverManager - Exporting webdriver.chrome.driver as C:\Users\CompuSoft\.cache\selenium\chromedriver\win64\146.0.7680.165\chromedriver.exe
]]></system-err>
  </testcase>
  <testcase name="userCanChangePasswordSuccessfully" classname="tests.MyAccountTest" time="1.452"/>
  <testcase name="userCanLogout" classname="tests.MyAccountTest" time="1.103">
    <failure message="element click intercepted: Element &lt;a href=&quot;/logout&quot; class=&quot;ico-logout&quot;&gt;...&lt;/a&gt; is not clickable at point (1084, 22). Other element would receive the click: &lt;p class=&quot;content&quot;&gt;...&lt;/p&gt;&#10;  (Session info: chrome=146.0.7680.178)&#10;Build info: version: &apos;4.21.0&apos;, revision: &apos;79ed462ef4&apos;&#10;System info: os.name: &apos;Windows 10&apos;, os.arch: &apos;amd64&apos;, os.version: &apos;10.0&apos;, java.version: &apos;17.0.12&apos;&#10;Driver info: org.openqa.selenium.remote.RemoteWebDriver&#10;Command: [471dc4817ed833b1bd84f73876d04c96, clickElement {id=f.F1A2CBC93A06CBBCE696A73ADA515D16.d.434684AFEB46792AE476DA00F2F58133.e.157}]&#10;Capabilities {acceptInsecureCerts: true, browserName: chrome, browserVersion: 146.0.7680.178, chrome: {chromedriverVersion: 146.0.7680.165 (4b989da09e1..., userDataDir: C:\Users\COMPUS~1\AppData\L...}, fedcm:accounts: true, goog:chromeOptions: {debuggerAddress: localhost:60171}, goog:processID: 14824, networkConnectionEnabled: false, pageLoadStrategy: normal, platformName: windows, proxy: Proxy(), setWindowRect: true, strictFileInteractability: false, timeouts: {implicit: 0, pageLoad: 300000, script: 30000}, unhandledPromptBehavior: dismiss and notify, webauthn:extension:credBlob: true, webauthn:extension:largeBlob: true, webauthn:extension:minPinLength: true, webauthn:extension:prf: true, webauthn:virtualAuthenticators: true}&#10;Element: [[RemoteWebDriver: chrome on windows (471dc4817ed833b1bd84f73876d04c96)] -&gt; xpath: //a[text()=&apos;Log out&apos;]]&#10;Session ID: 471dc4817ed833b1bd84f73876d04c96" type="org.openqa.selenium.ElementClickInterceptedException"><![CDATA[org.openqa.selenium.ElementClickInterceptedException: 
element click intercepted: Element <a href="/logout" class="ico-logout">...</a> is not clickable at point (1084, 22). Other element would receive the click: <p class="content">...</p>
  (Session info: chrome=146.0.7680.178)
Build info: version: '4.21.0', revision: '79ed462ef4'
System info: os.name: 'Windows 10', os.arch: 'amd64', os.version: '10.0', java.version: '17.0.12'
Driver info: org.openqa.selenium.remote.RemoteWebDriver
Command: [471dc4817ed833b1bd84f73876d04c96, clickElement {id=f.F1A2CBC93A06CBBCE696A73ADA515D16.d.434684AFEB46792AE476DA00F2F58133.e.157}]
Capabilities {acceptInsecureCerts: true, browserName: chrome, browserVersion: 146.0.7680.178, chrome: {chromedriverVersion: 146.0.7680.165 (4b989da09e1..., userDataDir: C:\Users\COMPUS~1\AppData\L...}, fedcm:accounts: true, goog:chromeOptions: {debuggerAddress: localhost:60171}, goog:processID: 14824, networkConnectionEnabled: false, pageLoadStrategy: normal, platformName: windows, proxy: Proxy(), setWindowRect: true, strictFileInteractability: false, timeouts: {implicit: 0, pageLoad: 300000, script: 30000}, unhandledPromptBehavior: dismiss and notify, webauthn:extension:credBlob: true, webauthn:extension:largeBlob: true, webauthn:extension:minPinLength: true, webauthn:extension:prf: true, webauthn:virtualAuthenticators: true}
Element: [[RemoteWebDriver: chrome on windows (471dc4817ed833b1bd84f73876d04c96)] -> xpath: //a[text()='Log out']]
Session ID: 471dc4817ed833b1bd84f73876d04c96
	at java.base/jdk.internal.reflect.NativeConstructorAccessorImpl.newInstance0(Native Method)
	at java.base/jdk.internal.reflect.NativeConstructorAccessorImpl.newInstance(NativeConstructorAccessorImpl.java:77)
	at java.base/jdk.internal.reflect.DelegatingConstructorAccessorImpl.newInstance(DelegatingConstructorAccessorImpl.java:45)
	at java.base/java.lang.reflect.Constructor.newInstanceWithCaller(Constructor.java:499)
	at java.base/java.lang.reflect.Constructor.newInstance(Constructor.java:480)
	at org.openqa.selenium.remote.ErrorCodec.decode(ErrorCodec.java:167)
	at org.openqa.selenium.remote.codec.w3c.W3CHttpResponseCodec.decode(W3CHttpResponseCodec.java:138)
	at org.openqa.selenium.remote.codec.w3c.W3CHttpResponseCodec.decode(W3CHttpResponseCodec.java:50)
	at org.openqa.selenium.remote.HttpCommandExecutor.execute(HttpCommandExecutor.java:190)
	at org.openqa.selenium.remote.TracedCommandExecutor.execute(TracedCommandExecutor.java:51)
	at org.openqa.selenium.remote.RemoteWebDriver.execute(RemoteWebDriver.java:518)
	at org.openqa.selenium.remote.RemoteWebElement.execute(RemoteWebElement.java:223)
	at org.openqa.selenium.remote.RemoteWebElement.click(RemoteWebElement.java:76)
	at jdk.internal.reflect.GeneratedMethodAccessor6.invoke(Unknown Source)
	at java.base/jdk.internal.reflect.DelegatingMethodAccessorImpl.invoke(DelegatingMethodAccessorImpl.java:43)
	at java.base/java.lang.reflect.Method.invoke(Method.java:568)
	at org.openqa.selenium.support.pagefactory.internal.LocatingElementHandler.invoke(LocatingElementHandler.java:51)
	at jdk.proxy2/jdk.proxy2.$Proxy14.click(Unknown Source)
	at pages.PageBase.clickButton(PageBase.java:21)
	at pages.HomePage.userLogout(HomePage.java:61)
	at tests.MyAccountTest.userCanLogout(MyAccountTest.java:48)
	at java.base/jdk.internal.reflect.NativeMethodAccessorImpl.invoke0(Native Method)
	at java.base/jdk.internal.reflect.NativeMethodAccessorImpl.invoke(NativeMethodAccessorImpl.java:77)
	at java.base/jdk.internal.reflect.DelegatingMethodAccessorImpl.invoke(DelegatingMethodAccessorImpl.java:43)
	at java.base/java.lang.reflect.Method.invoke(Method.java:568)
	at org.testng.internal.invokers.MethodInvocationHelper.invokeMethod(MethodInvocationHelper.java:141)
	at org.testng.internal.invokers.TestInvoker.invokeMethod(TestInvoker.java:687)
	at org.testng.internal.invokers.TestInvoker.invokeTestMethod(TestInvoker.java:230)
	at org.testng.internal.invokers.MethodRunner.runInSequence(MethodRunner.java:63)
	at org.testng.internal.invokers.TestInvoker$MethodInvocationAgent.invoke(TestInvoker.java:995)
	at org.testng.internal.invokers.TestInvoker.invokeTestMethods(TestInvoker.java:203)
	at org.testng.internal.invokers.TestMethodWorker.invokeTestMethods(TestMethodWorker.java:154)
	at org.testng.internal.invokers.TestMethodWorker.run(TestMethodWorker.java:134)
	at java.base/java.util.ArrayList.forEach(ArrayList.java:1511)
	at org.testng.TestRunner.privateRun(TestRunner.java:741)
	at org.testng.TestRunner.run(TestRunner.java:616)
	at org.testng.SuiteRunner.runTest(SuiteRunner.java:421)
	at org.testng.SuiteRunner.runSequentially(SuiteRunner.java:413)
	at org.testng.SuiteRunner.privateRun(SuiteRunner.java:373)
	at org.testng.SuiteRunner.run(SuiteRunner.java:312)
	at org.testng.SuiteRunnerWorker.runSuite(SuiteRunnerWorker.java:52)
	at org.testng.SuiteRunnerWorker.run(SuiteRunnerWorker.java:95)
	at org.testng.TestNG.runSuitesSequentially(TestNG.java:1274)
	at org.testng.TestNG.runSuitesLocally(TestNG.java:1208)
	at org.testng.TestNG.runSuites(TestNG.java:1112)
	at org.testng.TestNG.run(TestNG.java:1079)
	at org.apache.maven.surefire.testng.TestNGExecutor.run(TestNGExecutor.java:308)
	at org.apache.maven.surefire.testng.TestNGXmlTestSuite.execute(TestNGXmlTestSuite.java:71)
	at org.apache.maven.surefire.testng.TestNGProvider.invoke(TestNGProvider.java:113)
	at org.apache.maven.surefire.booter.ForkedBooter.runSuitesInProcess(ForkedBooter.java:385)
	at org.apache.maven.surefire.booter.ForkedBooter.execute(ForkedBooter.java:162)
	at org.apache.maven.surefire.booter.ForkedBooter.run(ForkedBooter.java:507)
	at org.apache.maven.surefire.booter.ForkedBooter.main(ForkedBooter.java:495)
]]></failure>
  </testcase>
  <testcase name="userCanLoginWithNewPassword" classname="tests.MyAccountTest" time="10.03">
    <failure message="no such element: Unable to locate element: {&quot;method&quot;:&quot;link text&quot;,&quot;selector&quot;:&quot;Log in&quot;}&#10;  (Session info: chrome=146.0.7680.178)&#10;For documentation on this error, please visit: https://www.selenium.dev/documentation/webdriver/troubleshooting/errors#no-such-element-exception&#10;Build info: version: &apos;4.21.0&apos;, revision: &apos;79ed462ef4&apos;&#10;System info: os.name: &apos;Windows 10&apos;, os.arch: &apos;amd64&apos;, os.version: &apos;10.0&apos;, java.version: &apos;17.0.12&apos;&#10;Driver info: org.openqa.selenium.remote.RemoteWebDriver&#10;Command: [471dc4817ed833b1bd84f73876d04c96, findElement {using=link text, value=Log in}]&#10;Capabilities {acceptInsecureCerts: true, browserName: chrome, browserVersion: 146.0.7680.178, chrome: {chromedriverVersion: 146.0.7680.165 (4b989da09e1..., userDataDir: C:\Users\COMPUS~1\AppData\L...}, fedcm:accounts: true, goog:chromeOptions: {debuggerAddress: localhost:60171}, goog:processID: 14824, networkConnectionEnabled: false, pageLoadStrategy: normal, platformName: windows, proxy: Proxy(), setWindowRect: true, strictFileInteractability: false, timeouts: {implicit: 0, pageLoad: 300000, script: 30000}, unhandledPromptBehavior: dismiss and notify, webauthn:extension:credBlob: true, webauthn:extension:largeBlob: true, webauthn:extension:minPinLength: true, webauthn:extension:prf: true, webauthn:virtualAuthenticators: true}&#10;Session ID: 471dc4817ed833b1bd84f73876d04c96" type="org.openqa.selenium.NoSuchElementException"><![CDATA[org.openqa.selenium.NoSuchElementException: 
no such element: Unable to locate element: {"method":"link text","selector":"Log in"}
  (Session info: chrome=146.0.7680.178)
For documentation on this error, please visit: https://www.selenium.dev/documentation/webdriver/troubleshooting/errors#no-such-element-exception
Build info: version: '4.21.0', revision: '79ed462ef4'
System info: os.name: 'Windows 10', os.arch: 'amd64', os.version: '10.0', java.version: '17.0.12'
Driver info: org.openqa.selenium.remote.RemoteWebDriver
Command: [471dc4817ed833b1bd84f73876d04c96, findElement {using=link text, value=Log in}]
Capabilities {acceptInsecureCerts: true, browserName: chrome, browserVersion: 146.0.7680.178, chrome: {chromedriverVersion: 146.0.7680.165 (4b989da09e1..., userDataDir: C:\Users\COMPUS~1\AppData\L...}, fedcm:accounts: true, goog:chromeOptions: {debuggerAddress: localhost:60171}, goog:processID: 14824, networkConnectionEnabled: false, pageLoadStrategy: normal, platformName: windows, proxy: Proxy(), setWindowRect: true, strictFileInteractability: false, timeouts: {implicit: 0, pageLoad: 300000, script: 30000}, unhandledPromptBehavior: dismiss and notify, webauthn:extension:credBlob: true, webauthn:extension:largeBlob: true, webauthn:extension:minPinLength: true, webauthn:extension:prf: true, webauthn:virtualAuthenticators: true}
Session ID: 471dc4817ed833b1bd84f73876d04c96
	at java.base/jdk.internal.reflect.NativeConstructorAccessorImpl.newInstance0(Native Method)
	at java.base/jdk.internal.reflect.NativeConstructorAccessorImpl.newInstance(NativeConstructorAccessorImpl.java:77)
	at java.base/jdk.internal.reflect.DelegatingConstructorAccessorImpl.newInstance(DelegatingConstructorAccessorImpl.java:45)
	at java.base/java.lang.reflect.Constructor.newInstanceWithCaller(Constructor.java:499)
	at java.base/java.lang.reflect.Constructor.newInstance(Constructor.java:480)
	at org.openqa.selenium.remote.ErrorCodec.decode(ErrorCodec.java:167)
	at org.openqa.selenium.remote.codec.w3c.W3CHttpResponseCodec.decode(W3CHttpResponseCodec.java:138)
	at org.openqa.selenium.remote.codec.w3c.W3CHttpResponseCodec.decode(W3CHttpResponseCodec.java:50)
	at org.openqa.selenium.remote.HttpCommandExecutor.execute(HttpCommandExecutor.java:190)
	at org.openqa.selenium.remote.TracedCommandExecutor.execute(TracedCommandExecutor.java:51)
	at org.openqa.selenium.remote.RemoteWebDriver.execute(RemoteWebDriver.java:518)
	at org.openqa.selenium.remote.ElementLocation$ElementFinder$2.findElement(ElementLocation.java:165)
	at org.openqa.selenium.remote.ElementLocation.findElement(ElementLocation.java:59)
	at org.openqa.selenium.remote.RemoteWebDriver.findElement(RemoteWebDriver.java:355)
	at org.openqa.selenium.remote.RemoteWebDriver.findElement(RemoteWebDriver.java:349)
	at org.openqa.selenium.support.pagefactory.DefaultElementLocator.findElement(DefaultElementLocator.java:68)
	at org.openqa.selenium.support.pagefactory.internal.LocatingElementHandler.invoke(LocatingElementHandler.java:38)
	at jdk.proxy2/jdk.proxy2.$Proxy14.click(Unknown Source)
	at pages.PageBase.clickButton(PageBase.java:21)
	at pages.HomePage.openLoginPage(HomePage.java:51)
	at tests.MyAccountTest.userCanLoginWithNewPassword(MyAccountTest.java:54)
	at java.base/jdk.internal.reflect.NativeMethodAccessorImpl.invoke0(Native Method)
	at java.base/jdk.internal.reflect.NativeMethodAccessorImpl.invoke(NativeMethodAccessorImpl.java:77)
	at java.base/jdk.internal.reflect.DelegatingMethodAccessorImpl.invoke(DelegatingMethodAccessorImpl.java:43)
	at java.base/java.lang.reflect.Method.invoke(Method.java:568)
	at org.testng.internal.invokers.MethodInvocationHelper.invokeMethod(MethodInvocationHelper.java:141)
	at org.testng.internal.invokers.TestInvoker.invokeMethod(TestInvoker.java:687)
	at org.testng.internal.invokers.TestInvoker.invokeTestMethod(TestInvoker.java:230)
	at org.testng.internal.invokers.MethodRunner.runInSequence(MethodRunner.java:63)
	at org.testng.internal.invokers.TestInvoker$MethodInvocationAgent.invoke(TestInvoker.java:995)
	at org.testng.internal.invokers.TestInvoker.invokeTestMethods(TestInvoker.java:203)
	at org.testng.internal.invokers.TestMethodWorker.invokeTestMethods(TestMethodWorker.java:154)
	at org.testng.internal.invokers.TestMethodWorker.run(TestMethodWorker.java:134)
	at java.base/java.util.ArrayList.forEach(ArrayList.java:1511)
	at org.testng.TestRunner.privateRun(TestRunner.java:741)
	at org.testng.TestRunner.run(TestRunner.java:616)
	at org.testng.SuiteRunner.runTest(SuiteRunner.java:421)
	at org.testng.SuiteRunner.runSequentially(SuiteRunner.java:413)
	at org.testng.SuiteRunner.privateRun(SuiteRunner.java:373)
	at org.testng.SuiteRunner.run(SuiteRunner.java:312)
	at org.testng.SuiteRunnerWorker.runSuite(SuiteRunnerWorker.java:52)
	at org.testng.SuiteRunnerWorker.run(SuiteRunnerWorker.java:95)
	at org.testng.TestNG.runSuitesSequentially(TestNG.java:1274)
	at org.testng.TestNG.runSuitesLocally(TestNG.java:1208)
	at org.testng.TestNG.runSuites(TestNG.java:1112)
	at org.testng.TestNG.run(TestNG.java:1079)
	at org.apache.maven.surefire.testng.TestNGExecutor.run(TestNGExecutor.java:308)
	at org.apache.maven.surefire.testng.TestNGXmlTestSuite.execute(TestNGXmlTestSuite.java:71)
	at org.apache.maven.surefire.testng.TestNGProvider.invoke(TestNGProvider.java:113)
	at org.apache.maven.surefire.booter.ForkedBooter.runSuitesInProcess(ForkedBooter.java:385)
	at org.apache.maven.surefire.booter.ForkedBooter.execute(ForkedBooter.java:162)
	at org.apache.maven.surefire.booter.ForkedBooter.run(ForkedBooter.java:507)
	at org.apache.maven.surefire.booter.ForkedBooter.main(ForkedBooter.java:495)
]]></failure>
  </testcase>
  <testcase name="UserCanSelectSubCategoryFromMainMenu" classname="tests.ProductHoverMenuTest" time="1.601">
    <system-err><![CDATA[[main] INFO io.github.bonigarcia.wdm.WebDriverManager - Using chromedriver 146.0.7680.165 (resolved driver for Chrome 146)
[main] INFO io.github.bonigarcia.wdm.WebDriverManager - Exporting webdriver.chrome.driver as C:\Users\CompuSoft\.cache\selenium\chromedriver\win64\146.0.7680.165\chromedriver.exe
]]></system-err>
  </testcase>
  <testcase name="UserCanRegisterSuccessfully" classname="tests.RegisteredUserCheckoutProduct" time="1.302">
    <system-err><![CDATA[[main] INFO io.github.bonigarcia.wdm.WebDriverManager - Using chromedriver 146.0.7680.165 (resolved driver for Chrome 146)
[main] INFO io.github.bonigarcia.wdm.WebDriverManager - Exporting webdriver.chrome.driver as C:\Users\CompuSoft\.cache\selenium\chromedriver\win64\146.0.7680.165\chromedriver.exe
]]></system-err>
  </testcase>
  <testcase name="UserCanSearchWithAutosuggest" classname="tests.RegisteredUserCheckoutProduct" time="1.961"/>
  <testcase name="UserCanAddProductToShoppingCart" classname="tests.RegisteredUserCheckoutProduct" time="1.381"/>
  <testcase name="UserCanCheckoutProduct" classname="tests.RegisteredUserCheckoutProduct" time="9.821"/>
  <testcase name="RegisteredUserCanLogout" classname="tests.RegisteredUserCheckoutProduct" time="0.445"/>
  <testcase name="UserCanSearchForProduct" classname="tests.SearchProductTest" time="1.913">
    <system-err><![CDATA[[main] INFO io.github.bonigarcia.wdm.WebDriverManager - Using chromedriver 146.0.7680.165 (resolved driver for Chrome 146)
[main] INFO io.github.bonigarcia.wdm.WebDriverManager - Exporting webdriver.chrome.driver as C:\Users\CompuSoft\.cache\selenium\chromedriver\win64\146.0.7680.165\chromedriver.exe
]]></system-err>
  </testcase>
  <testcase name="UserCanSearchAutoSuggest" classname="tests.SearchProductUsingAutosugesst" time="1.436">
    <system-err><![CDATA[[main] INFO io.github.bonigarcia.wdm.WebDriverManager - Using chromedriver 146.0.7680.165 (resolved driver for Chrome 146)
[main] INFO io.github.bonigarcia.wdm.WebDriverManager - Exporting webdriver.chrome.driver as C:\Users\CompuSoft\.cache\selenium\chromedriver\win64\146.0.7680.165\chromedriver.exe
]]></system-err>
  </testcase>
</testsuite>