<?xml version="1.0" encoding="UTF-8"?>
<testsuite xmlns:xsi="http://www.w3.org/2001/XMLSchema-instance" xsi:noNamespaceSchemaLocation="https://maven.apache.org/surefire/maven-surefire-plugin/xsd/surefire-test-report.xsd" version="3.0.2" name="TestSuite" time="128.765" tests="30" errors="0" skipped="0" failures="0" flakes="0">
  <properties>
[...]
</properties>
  <testcase name="userCanRegisterAndLoginSuccessfully" classname="tests.UserRegistrationTest" time="4.542">
    <system-err><![CDATA[[main] WARN org.testng.xml.TestNGContentHandler - It is strongly recommended to add "<!DOCTYPE suite SYSTEM "https://testng.org/testng-1.1.dtd" >" at the top of the suite file [C:\Users\CompuSoft\eclipse-workspace\project\testng.xml] otherwise TestNG may fail or not work as expected.
[main] INFO io.github.bonigarcia.wdm.WebDriverManager - Using chromedriver 146.0.7680.165 (resolved driver for Chrome 146)
[main] INFO io.github.bonigarcia.wdm.online.Downloader - Downloading https://storage.googleapis.com/chrome-for-testing-public/146.0.7680.165/win64/chromedriver-win64.zip
[main] INFO io.github.bonigarcia.wdm.online.Downloader - Extracting driver from compressed file chromedriver-win64.zip
[main] INFO io.github.bonigarcia.wdm.WebDriverManager - Exporting webdriver.chrome.driver as C:\Users\CompuSoft\.cache\selenium\chromedriver\win64\146.0.7680.165\chromedriver.exe
مارس ??, ???? ??:??:?? م org.openqa.selenium.remote.tracing.opentelemetry.OpenTelemetryTracer createTracer
INFO: Using OpenTelemetry for tracing
]]></system-err>
  </testcase>
  <testcase name="userCanRegisterAndLoginSuccessfully" classname="tests.AddProductReviewTest" time="1.835">
    <system-err><![CDATA[[main] INFO io.github.bonigarcia.wdm.WebDriverManager - Using chromedriver 146.0.7680.165 (resolved driver for Chrome 146)
[main] INFO io.github.bonigarcia.wdm.WebDriverManager - Exporting webdriver.chrome.driver as C:\Users\CompuSoft\.cache\selenium\chromedriver\win64\146.0.7680.165\chromedriver.exe
]]></system-err>
  </testcase>
  <testcase name="UserCanSearchAutoSuggest" classname="tests.AddProductReviewTest" time="5.598"/>
  <testcase name="RegisteredUserCanReviewProduct" classname="tests.AddProductReviewTest" time="1.456"/>
  <testcase name="RegisteredUserCanLogout" classname="tests.AddProductReviewTest" time="1.478"/>
  <testcase name="UserCanSearchAutoSuggest" classname="tests.AddProductToShoppingCartTest" time="1.701">
    <system-err><![CDATA[[main] INFO io.github.bonigarcia.wdm.WebDriverManager - Using chromedriver 146.0.7680.165 (resolved driver for Chrome 146)
[main] INFO io.github.bonigarcia.wdm.WebDriverManager - Exporting webdriver.chrome.driver as C:\Users\CompuSoft\.cache\selenium\chromedriver\win64\146.0.7680.165\chromedriver.exe
]]></system-err>
  </testcase>
  <testcase name="UserCanAddProductToShoppingCart" classname="tests.AddProductToShoppingCartTest" time="4.161"/>
  <testcase name="UserCanRemoveProductFromCart" classname="tests.AddProductToShoppingCartTest" time="0.239"/>
  <testcase name="UserCanSearchAutoSuggest" classname="tests.AddProductToWishlistTest" time="1.547">
    <system-err><![CDATA[[main] INFO io.github.bonigarcia.wdm.WebDriverManager - Using chromedriver 146.0.7680.165 (resolved driver for Chrome 146)
[main] INFO io.github.bonigarcia.wdm.WebDriverManager - Exporting webdriver.chrome.driver as C:\Users\CompuSoft\.cache\selenium\chromedriver\win64\146.0.7680.165\chromedriver.exe
]]></system-err>
  </testcase>
  <testcase name="UserCanAddProductToWishlist" classname="tests.AddProductToWishlistTest" time="0.52"/>
  <testcase name="UserCanRemoveProductFromCart" classname="tests.AddProductToWishlistTest" time="0.302"/>
  <testcase name="UserCanChangeCurrency" classname="tests.ChangeCurrencyTest" time="0.566">
    <system-err><![CDATA[[main] INFO io.github.bonigarcia.wdm.WebDriverManager - Using chromedriver 146.0.7680.165 (resolved driver for Chrome 146)
[main] INFO io.github.bonigarcia.wdm.WebDriverManager - Exporting webdriver.chrome.driver as C:\Users\CompuSoft\.cache\selenium\chromedriver\win64\146.0.7680.165\chromedriver.exe
]]></system-err>
  </testcase>
  <testcase name="UserCanSearchWithAutoSuggest" classname="tests.ChangeCurrencyTest" time="1.547"/>
  <testcase name="UserCanUseContactUs" classname="tests.ContactUsTest" time="1.323">
    <system-err><![CDATA[[main] INFO io.github.bonigarcia.wdm.WebDriverManager - Using chromedriver 146.0.7680.165 (resolved driver for Chrome 146)
[main] INFO io.github.bonigarcia.wdm.WebDriverManager - Exporting webdriver.chrome.driver as C:\Users\CompuSoft\.cache\selenium\chromedriver\win64\146.0.7680.165\chromedriver.exe
]]></system-err>
  </testcase>
  <testcase name="userCanRegisterAndLoginSuccessfully" classname="tests.EmailFriendTest" time="1.599">
    <system-err><![CDATA[[main] INFO io.github.bonigarcia.wdm.WebDriverManager - Using chromedriver 146.0.7680.165 (resolved driver for Chrome 146)
[main] INFO io.github.bonigarcia.wdm.WebDriverManager - Exporting webdriver.chrome.driver as C:\Users\CompuSoft\.cache\selenium\chromedriver\win64\146.0.7680.165\chromedriver.exe
]]></system-err>
  </testcase>
  <testcase name="UserCanSearchAutoSuggest" classname="tests.EmailFriendTest" time="1.529"/>
  <testcase name="RegisteredUserCanSendProductToFriend" classname="tests.EmailFriendTest" time="0.879"/>
  <testcase name="RegisteredUserCanLogout" classname="tests.EmailFriendTest" time="0.327"/>
  <testcase name="userCanRegisterAndLoginSuccessfully" classname="tests.MyAccountTest" time="1.851">
    <system-err><![CDATA[[main] INFO io.github.bonigarcia.wdm.WebDriverManager - Using chromedriver 146.0.7680.165 (resolved driver for Chrome 146)
[main] INFO io.github.bonigarcia.wdm.WebDriverManager - Exporting webdriver.chrome.driver as C:\Users\CompuSoft\.cache\selenium\chromedriver\win64\146.0.7680.165\chromedriver.exe
]]></system-err>
  </testcase>
  <testcase name="userCanChangePasswordSuccessfully" classname="tests.MyAccountTest" time="2.813"/>
  <testcase name="userCanLogout" classname="tests.MyAccountTest" time="1.388"/>
  <testcase name="userCanLoginWithNewPassword" classname="tests.MyAccountTest" time="1.109"/>
  <testcase name="UserCanSelectSubCategoryFromMainMenu" classname="tests.ProductHoverMenuTest" time="2.365">
    <system-err><![CDATA[[main] INFO io.github.bonigarcia.wdm.WebDriverManager - Using chromedriver 146.0.7680.165 (resolved driver for Chrome 146)
[main] INFO io.github.bonigarcia.wdm.WebDriverManager - Exporting webdriver.chrome.driver as C:\Users\CompuSoft\.cache\selenium\chromedriver\win64\146.0.7680.165\chromedriver.exe
]]></system-err>
  </testcase>
  <testcase name="UserCanRegisterSuccessfully" classname="tests.RegisteredUserCheckoutProduct" time="1.751">
    <system-err><![CDATA[[main] INFO io.github.bonigarcia.wdm.WebDriverManager - Using chromedriver 146.0.7680.165 (resolved driver for Chrome 146)
[main] INFO io.github.bonigarcia.wdm.WebDriverManager - Exporting webdriver.chrome.driver as C:\Users\CompuSoft\.cache\selenium\chromedriver\win64\146.0.7680.165\chromedriver.exe
]]></system-err>
  </testcase>
  <testcase name="UserCanSearchWithAutosuggest" classname="tests.RegisteredUserCheckoutProduct" time="1.785"/>
  <testcase name="UserCanAddProductToShoppingCart" classname="tests.RegisteredUserCheckoutProduct" time="1.561"/>
  <testcase name="UserCanCheckoutProduct" classname="tests.RegisteredUserCheckoutProduct" time="12.136"/>
  <testcase name="RegisteredUserCanLogout" classname="tests.RegisteredUserCheckoutProduct" time="0.479"/>
  <testcase name="UserCanSearchForProduct" classname="tests.SearchProductTest" time="2.375">
    <system-err><![CDATA[[main] INFO io.github.bonigarcia.wdm.WebDriverManager - Using chromedriver 146.0.7680.165 (resolved driver for Chrome 146)
[main] INFO io.github.bonigarcia.wdm.WebDriverManager - Exporting webdriver.chrome.driver as C:\Users\CompuSoft\.cache\selenium\chromedriver\win64\146.0.7680.165\chromedriver.exe
]]></system-err>
  </testcase>
  <testcase name="UserCanSearchAutoSuggest" classname="tests.SearchProductUsingAutosugesst" time="1.635">
    <system-err><![CDATA[[main] INFO io.github.bonigarcia.wdm.WebDriverManager - Using chromedriver 146.0.7680.165 (resolved driver for Chrome 146)
[main] INFO io.github.bonigarcia.wdm.WebDriverManager - Exporting webdriver.chrome.driver as C:\Users\CompuSoft\.cache\selenium\chromedriver\win64\146.0.7680.165\chromedriver.exe
]]></system-err>
  </testcase>
</testsuite>