<?xml version="1.0" encoding="UTF-8"?>
<testng-results ignored="0" total="2" passed="2" failed="0" skipped="0">
  <reporter-output>
  </reporter-output>
  <suite started-at="٢٠٢٦-٠٤-٠٣T٠٢:٣٩:٣٤ EET" name="nopCommerce Regression Suite" finished-at="٢٠٢٦-٠٤-٠٣T٠٢:٣٩:٤٤ EET" duration-ms="10518">
    <groups>
    </groups>
    <test started-at="٢٠٢٦-٠٤-٠٣T٠٢:٣٩:٣٤ EET" name="Regression Test - Chrome" finished-at="٢٠٢٦-٠٤-٠٣T٠٢:٣٩:٤٠ EET" duration-ms="5901">
      <class name="tests.UserRegistrationParallelTest">
        <test-method is-config="true" signature="setup(java.lang.String)[pri:0, instance:tests.UserRegistrationParallelTest@3bf7ca37]" started-at="٢٠٢٦-٠٤-٠٣T٠٢:٣٩:٣٤ EET" name="setup" finished-at="٢٠٢٦-٠٤-٠٣T٠٢:٣٩:٣٧ EET" duration-ms="2603" status="PASS">
          <params>
            <param index="0">
              <value>
                <![CDATA[chrome]]>
              </value>
            </param>
          </params>
          <reporter-output>
          </reporter-output>
        </test-method> <!-- setup -->
        <test-method signature="userCanRegisterAndLoginSuccessfully()[pri:0, instance:tests.UserRegistrationParallelTest@3bf7ca37]" started-at="٢٠٢٦-٠٤-٠٣T٠٢:٣٩:٣٧ EET" name="userCanRegisterAndLoginSuccessfully" finished-at="٢٠٢٦-٠٤-٠٣T٠٢:٣٩:٣٩ EET" duration-ms="2847" status="PASS">
          <reporter-output>
          </reporter-output>
        </test-method> <!-- userCanRegisterAndLoginSuccessfully -->
        <test-method is-config="true" signature="stopDriver()[pri:0, instance:tests.UserRegistrationParallelTest@3bf7ca37]" started-at="٢٠٢٦-٠٤-٠٣T٠٢:٣٩:٣٩ EET" name="stopDriver" finished-at="٢٠٢٦-٠٤-٠٣T٠٢:٣٩:٤٠ EET" duration-ms="389" status="PASS">
          <reporter-output>
          </reporter-output>
        </test-method> <!-- stopDriver -->
      </class> <!-- tests.UserRegistrationParallelTest -->
    </test> <!-- Regression Test - Chrome -->
    <test started-at="٢٠٢٦-٠٤-٠٣T٠٢:٣٩:٣٤ EET" name="Regression Test - Firefox" finished-at="٢٠٢٦-٠٤-٠٣T٠٢:٣٩:٤٤ EET" duration-ms="10518">
      <class name="tests.UserRegistrationParallelTest">
        <test-method is-config="true" signature="setup(java.lang.String)[pri:0, instance:tests.UserRegistrationParallelTest@4988d8b8]" started-at="٢٠٢٦-٠٤-٠٣T٠٢:٣٩:٣٤ EET" name="setup" finished-at="٢٠٢٦-٠٤-٠٣T٠٢:٣٩:٤٠ EET" duration-ms="6294" status="PASS">
          <params>
            <param index="0">
              <value>
                <![CDATA[firefox]]>
              </value>
            </param>
          </params>
          <reporter-output>
          </reporter-output>
        </test-method> <!-- setup -->
        <test-method signature="userCanRegisterAndLoginSuccessfully()[pri:0, instance:tests.UserRegistrationParallelTest@4988d8b8]" started-at="٢٠٢٦-٠٤-٠٣T٠٢:٣٩:٤٠ EET" name="userCanRegisterAndLoginSuccessfully" finished-at="٢٠٢٦-٠٤-٠٣T٠٢:٣٩:٤٣ EET" duration-ms="2775" status="PASS">
          <reporter-output>
          </reporter-output>
        </test-method> <!-- userCanRegisterAndLoginSuccessfully -->
        <test-method is-config="true" signature="stopDriver()[pri:0, instance:tests.UserRegistrationParallelTest@4988d8b8]" started-at="٢٠٢٦-٠٤-٠٣T٠٢:٣٩:٤٣ EET" name="stopDriver" finished-at="٢٠٢٦-٠٤-٠٣T٠٢:٣٩:٤٤ EET" duration-ms="1405" status="PASS">
          <reporter-output>
          </reporter-output>
        </test-method> <!-- stopDriver -->
      </class> <!-- tests.UserRegistrationParallelTest -->
    </test> <!-- Regression Test - Firefox -->
  </suite> <!-- nopCommerce Regression Suite -->
</testng-results>
