<?xml version="1.0" encoding="UTF-8"?>
<!-- Generated by org.testng.reporters.JUnitReportReporter -->
<testsuite hostname="Lobna-PC" failures="0" tests="3" name="tests.AddProductToWishlistTest" time="١.٩٥٢" errors="0" timestamp="٢٠٢٦-٠٤-٠٤T٢١:٠٨:٣٥ EET" skipped="0">
  <testcase classname="tests.AddProductToWishlistTest" name="UserCanSearchAutoSuggest" time="١.٤٥٢"/>
  <testcase classname="tests.AddProductToWishlistTest" name="UserCanAddProductToWishlist" time="٠.٣٠٤"/>
  <testcase classname="tests.AddProductToWishlistTest" name="UserCanRemoveProductFromCart" time="٠.١٩٦"/>
</testsuite> <!-- tests.AddProductToWishlistTest -->
