<?xml version="1.0" encoding="UTF-8"?>
<!-- Generated by org.testng.reporters.JUnitReportReporter -->
<testsuite hostname="Lobna-PC" failures="0" tests="4" name="tests.EmailFriendTest" time="٤.٨٠٥" errors="0" timestamp="٢٠٢٦-٠٣-٢٣T١٤:١٣:٣٦ EET" skipped="0">
  <testcase classname="tests.EmailFriendTest" name="userCanRegisterAndLoginSuccessfully" time="١.٧٣٠"/>
  <testcase classname="tests.EmailFriendTest" name="UserCanSearchAutoSuggest" time="١.٦٩٤"/>
  <testcase classname="tests.EmailFriendTest" name="RegisteredUserCanSendProductToFriend" time="٠.٩٢٠"/>
  <testcase classname="tests.EmailFriendTest" name="RegisteredUserCanLogout" time="٠.٤٦١"/>
</testsuite> <!-- tests.EmailFriendTest -->
