<?xml version="1.0" encoding="UTF-8"?>
<!-- Generated by org.testng.reporters.JUnitReportReporter -->
<testsuite hostname="Lobna-PC" failures="0" tests="2" name="tests.ChangeCurrencyTest" time="٢.١٣٠" errors="0" timestamp="٢٠٢٦-٠٣-٢٣T١٤:١٣:٣٦ EET" skipped="0">
  <testcase classname="tests.ChangeCurrencyTest" name="UserCanChangeCurrency" time="٠.٥٧٩"/>
  <testcase classname="tests.ChangeCurrencyTest" name="UserCanSearchWithAutoSuggest" time="١.٥٥١"/>
</testsuite> <!-- tests.ChangeCurrencyTest -->
