<?xml version="1.0" encoding="UTF-8"?>
<!-- Generated by org.testng.reporters.JUnitReportReporter -->
<testsuite hostname="Lobna-PC" failures="0" tests="4" name="tests.AddProductReviewTest" time="٨.٠٦١" errors="0" timestamp="٢٠٢٦-٠٣-٢٣T١٤:١٣:٣٦ EET" skipped="0">
  <testcase classname="tests.AddProductReviewTest" name="userCanRegisterAndLoginSuccessfully" time="١.٥٦٤"/>
  <testcase classname="tests.AddProductReviewTest" name="UserCanSearchAutoSuggest" time="٣.٥٢٤"/>
  <testcase classname="tests.AddProductReviewTest" name="RegisteredUserCanReviewProduct" time="١.٤٥٧"/>
  <testcase classname="tests.AddProductReviewTest" name="RegisteredUserCanLogout" time="١.٥١٦"/>
</testsuite> <!-- tests.AddProductReviewTest -->
