<?xml version="1.0" encoding="UTF-8"?>
<!-- Generated by org.testng.reporters.JUnitReportReporter -->
<testsuite hostname="Lobna-PC" failures="0" tests="4" name="tests.AddProductReviewTest" time="٥.٣٢٤" errors="0" timestamp="٢٠٢٦-٠٤-٠٤T٢١:٢١:٢٥ EET" skipped="0">
  <testcase classname="tests.AddProductReviewTest" name="userCanRegisterAndLoginSuccessfully" time="١.٤١٢"/>
  <testcase classname="tests.AddProductReviewTest" name="UserCanSearchAutoSuggest" time="١.٥١٨"/>
  <testcase classname="tests.AddProductReviewTest" name="RegisteredUserCanReviewProduct" time="١.٠٠٦"/>
  <testcase classname="tests.AddProductReviewTest" name="RegisteredUserCanLogout" time="١.٣٨٨"/>
</testsuite> <!-- tests.AddProductReviewTest -->
