<?xml version="1.0" encoding="UTF-8"?>
<!-- Generated by org.testng.reporters.JUnitReportReporter -->
<testsuite hostname="Lobna-PC" failures="0" tests="4" name="tests.EmailFriendTest" time="٣.٥٤٢" errors="0" timestamp="٢٠٢٦-٠٤-٠٤T٢١:٠٨:٣٥ EET" skipped="0">
  <testcase classname="tests.EmailFriendTest" name="userCanRegisterAndLoginSuccessfully" time="١.٢٨٦"/>
  <testcase classname="tests.EmailFriendTest" name="UserCanSearchAutoSuggest" time="١.٣٠٣"/>
  <testcase classname="tests.EmailFriendTest" name="RegisteredUserCanSendProductToFriend" time="٠.٦٥١"/>
  <testcase classname="tests.EmailFriendTest" name="RegisteredUserCanLogout" time="٠.٣٠٢"/>
</testsuite> <!-- tests.EmailFriendTest -->
