<?xml version="1.0" encoding="UTF-8"?>
<!-- Generated by org.testng.reporters.JUnitReportReporter -->
<testsuite hostname="Lobna-PC" failures="0" tests="3" name="tests.AddProductToShoppingCartTest" time="٣.٦٤٨" errors="0" timestamp="٢٠٢٦-٠٣-٢٣T١٤:١٣:٣٦ EET" skipped="0">
  <testcase classname="tests.AddProductToShoppingCartTest" name="UserCanSearchAutoSuggest" time="١.٥٦٦"/>
  <testcase classname="tests.AddProductToShoppingCartTest" name="UserCanAddProductToShoppingCart" time="١.٦٢٦"/>
  <testcase classname="tests.AddProductToShoppingCartTest" name="UserCanRemoveProductFromCart" time="٠.٤٥٦"/>
</testsuite> <!-- tests.AddProductToShoppingCartTest -->
