<?xml version="1.0" encoding="UTF-8"?>
<!-- Generated by org.testng.reporters.JUnitReportReporter -->
<testsuite hostname="Lobna-PC" failures="0" tests="3" name="tests.AddProductToWishlistTest" time="٢.٣١٧" errors="0" timestamp="٢٠٢٦-٠٣-٢٣T١٤:١٣:٣٦ EET" skipped="0">
  <testcase classname="tests.AddProductToWishlistTest" name="UserCanSearchAutoSuggest" time="١.٦٤١"/>
  <testcase classname="tests.AddProductToWishlistTest" name="UserCanAddProductToWishlist" time="٠.٤٥٢"/>
  <testcase classname="tests.AddProductToWishlistTest" name="UserCanRemoveProductFromCart" time="٠.٢٢٤"/>
</testsuite> <!-- tests.AddProductToWishlistTest -->
