<?xml version="1.0" encoding="UTF-8"?>
<!-- Generated by org.testng.reporters.JUnitReportReporter -->
<testsuite hostname="Lobna-PC" failures="0" tests="2" name="tests.UserRegistrationParallelTest" time="٥.٦٢٢" errors="0" timestamp="٢٠٢٦-٠٤-٠٣T٠٢:٣٩:٤٥ EET" skipped="0">
  <testcase classname="tests.UserRegistrationParallelTest" name="userCanRegisterAndLoginSuccessfully" time="٢.٧٧٥"/>
  <testcase classname="tests.UserRegistrationParallelTest" name="userCanRegisterAndLoginSuccessfully" time="٢.٨٤٧"/>
</testsuite> <!-- tests.UserRegistrationParallelTest -->
