<?xml version="1.0" encoding="UTF-8"?>
<!-- Generated by org.testng.reporters.JUnitReportReporter -->
<testsuite hostname="Lobna-PC" failures="0" tests="5" name="tests.RegisteredUserCheckoutProduct" time="١٤.٤٥٧" errors="0" timestamp="٢٠٢٦-٠٣-٢٣T١٤:١٣:٣٦ EET" skipped="0">
  <testcase classname="tests.RegisteredUserCheckoutProduct" name="UserCanRegisterSuccessfully" time="١.٥٦٧"/>
  <testcase classname="tests.RegisteredUserCheckoutProduct" name="UserCanSearchWithAutosuggest" time="١.٥٤٣"/>
  <testcase classname="tests.RegisteredUserCheckoutProduct" name="UserCanAddProductToShoppingCart" time="١.٥٢٦"/>
  <testcase classname="tests.RegisteredUserCheckoutProduct" name="UserCanCheckoutProduct" time="٨.٧٣٥"/>
  <testcase classname="tests.RegisteredUserCheckoutProduct" name="RegisteredUserCanLogout" time="١.٠٨٦"/>
</testsuite> <!-- tests.RegisteredUserCheckoutProduct -->
