<?xml version="1.0" encoding="UTF-8"?>
<!-- Generated by org.testng.reporters.JUnitReportReporter -->
<testsuite hostname="Lobna-PC" failures="0" tests="5" name="tests.RegisteredUserCheckoutProduct" time="١٢.٦٨٢" errors="0" timestamp="٢٠٢٦-٠٤-٠٤T٢١:٠٨:٣٥ EET" skipped="0">
  <testcase classname="tests.RegisteredUserCheckoutProduct" name="UserCanRegisterSuccessfully" time="١.٢١١"/>
  <testcase classname="tests.RegisteredUserCheckoutProduct" name="UserCanSearchWithAutosuggest" time="١.٢٤٥"/>
  <testcase classname="tests.RegisteredUserCheckoutProduct" name="UserCanAddProductToShoppingCart" time="١.٤١٤"/>
  <testcase classname="tests.RegisteredUserCheckoutProduct" name="UserCanCheckoutProduct" time="٧.٩٢٧"/>
  <testcase classname="tests.RegisteredUserCheckoutProduct" name="RegisteredUserCanLogout" time="٠.٨٨٥"/>
</testsuite> <!-- tests.RegisteredUserCheckoutProduct -->
