<?xml version="1.0" encoding="UTF-8"?>
<!-- Generated by org.testng.reporters.JUnitReportReporter -->
<testsuite hostname="Lobna-PC" failures="0" tests="4" name="tests.MyAccountTest" time="٥.١٩٤" errors="0" timestamp="٢٠٢٦-٠٣-٢٣T١٤:١٣:٣٦ EET" skipped="0">
  <testcase classname="tests.MyAccountTest" name="userCanRegisterAndLoginSuccessfully" time="١.٤٧٦"/>
  <testcase classname="tests.MyAccountTest" name="userCanChangePasswordSuccessfully" time="١.٣٩٥"/>
  <testcase classname="tests.MyAccountTest" name="userCanLogout" time="١.٣٥٦"/>
  <testcase classname="tests.MyAccountTest" name="userCanLoginWithNewPassword" time="٠.٩٦٧"/>
</testsuite> <!-- tests.MyAccountTest -->
