<?xml version="1.0" encoding="UTF-8"?>
<!-- Generated by org.testng.reporters.JUnitReportReporter -->
<testsuite hostname="Lobna-PC" failures="0" tests="2" name="tests.ChangeCurrencyTest" time="٢.١١٣" errors="0" timestamp="٢٠٢٦-٠٣-٢٩T٢٢:٥٩:٠٩ EET" skipped="0">
  <testcase classname="tests.ChangeCurrencyTest" name="UserCanChangeCurrency" time="٠.٥٦٦"/>
  <testcase classname="tests.ChangeCurrencyTest" name="UserCanSearchWithAutoSuggest" time="١.٥٤٧"/>
</testsuite> <!-- tests.ChangeCurrencyTest -->
