<?xml version="1.0" encoding="UTF-8"?>
<!-- Generated by org.testng.reporters.JUnitReportReporter -->
<testsuite hostname="Lobna-PC" failures="0" tests="4" name="tests.EmailFriendTest" time="٣.٤٢٥" errors="0" timestamp="٢٠٢٦-٠٤-٠٤T٢٠:٤٧:٢٦ EET" skipped="0">
  <testcase classname="tests.EmailFriendTest" name="userCanRegisterAndLoginSuccessfully" time="١.١٨٤"/>
  <testcase classname="tests.EmailFriendTest" name="UserCanSearchAutoSuggest" time="١.٣٠٧"/>
  <testcase classname="tests.EmailFriendTest" name="RegisteredUserCanSendProductToFriend" time="٠.٦٨٨"/>
  <testcase classname="tests.EmailFriendTest" name="RegisteredUserCanLogout" time="٠.٢٤٦"/>
</testsuite> <!-- tests.EmailFriendTest -->
