<?xml version="1.0" encoding="UTF-8"?>
<!-- Generated by org.testng.reporters.JUnitReportReporter -->
<testsuite hostname="Lobna-PC" failures="0" tests="3" name="tests.AddProductToShoppingCartTest" time="٤.٢١٥" errors="0" timestamp="٢٠٢٦-٠٤-٠٤T٢٠:٤٧:٢٦ EET" skipped="0">
  <testcase classname="tests.AddProductToShoppingCartTest" name="UserCanSearchAutoSuggest" time="١.٥٤٧"/>
  <testcase classname="tests.AddProductToShoppingCartTest" name="UserCanAddProductToShoppingCart" time="٢.٤٦٨"/>
  <testcase classname="tests.AddProductToShoppingCartTest" name="UserCanRemoveProductFromCart" time="٠.٢٠٠"/>
</testsuite> <!-- tests.AddProductToShoppingCartTest -->
