<?xml version="1.0" encoding="UTF-8"?>
<!-- Generated by org.testng.reporters.JUnitReportReporter -->
<testsuite hostname="Lobna-PC" failures="0" tests="3" name="tests.AddProductToWishlistTest" time="٢.١٤٧" errors="0" timestamp="٢٠٢٦-٠٤-٠٤T٢٠:٤٧:٢٦ EET" skipped="0">
  <testcase classname="tests.AddProductToWishlistTest" name="UserCanSearchAutoSuggest" time="١.٥٢٩"/>
  <testcase classname="tests.AddProductToWishlistTest" name="UserCanAddProductToWishlist" time="٠.٣٨٣"/>
  <testcase classname="tests.AddProductToWishlistTest" name="UserCanRemoveProductFromCart" time="٠.٢٣٥"/>
</testsuite> <!-- tests.AddProductToWishlistTest -->
