<?xml version="1.0" encoding="UTF-8"?>
<!-- Generated by org.testng.reporters.JUnitReportReporter -->
<testsuite hostname="Lobna-PC" failures="0" tests="3" name="tests.AddProductToShoppingCartTest" time="٦.١٠١" errors="0" timestamp="٢٠٢٦-٠٣-٢٩T٢٢:٥٩:٠٩ EET" skipped="0">
  <testcase classname="tests.AddProductToShoppingCartTest" name="UserCanSearchAutoSuggest" time="١.٧٠٠"/>
  <testcase classname="tests.AddProductToShoppingCartTest" name="UserCanAddProductToShoppingCart" time="٤.١٦٣"/>
  <testcase classname="tests.AddProductToShoppingCartTest" name="UserCanRemoveProductFromCart" time="٠.٢٣٨"/>
</testsuite> <!-- tests.AddProductToShoppingCartTest -->
