<?xml version="1.0" encoding="UTF-8"?>
<!-- Generated by org.testng.reporters.JUnitReportReporter -->
<testsuite hostname="Lobna-PC" failures="0" tests="4" name="tests.AddProductReviewTest" time="٧.٠٠٤" errors="0" timestamp="٢٠٢٦-٠٤-٠٤T٢٠:٤٧:٢٦ EET" skipped="0">
  <testcase classname="tests.AddProductReviewTest" name="userCanRegisterAndLoginSuccessfully" time="١.٢٢٦"/>
  <testcase classname="tests.AddProductReviewTest" name="UserCanSearchAutoSuggest" time="٣.٣٥٤"/>
  <testcase classname="tests.AddProductReviewTest" name="RegisteredUserCanReviewProduct" time="١.٠٤٦"/>
  <testcase classname="tests.AddProductReviewTest" name="RegisteredUserCanLogout" time="١.٣٧٨"/>
</testsuite> <!-- tests.AddProductReviewTest -->
