<?xml version="1.0" encoding="UTF-8"?>
<!-- Generated by org.testng.reporters.JUnitReportReporter -->
<testsuite hostname="Lobna-PC" failures="0" tests="5" name="tests.RegisteredUserCheckoutProduct" time="١٧.٧٠٨" errors="0" timestamp="٢٠٢٦-٠٣-٢٩T٢٢:٥٩:٠٩ EET" skipped="0">
  <testcase classname="tests.RegisteredUserCheckoutProduct" name="UserCanRegisterSuccessfully" time="١.٧٥٠"/>
  <testcase classname="tests.RegisteredUserCheckoutProduct" name="UserCanSearchWithAutosuggest" time="١.٧٨٤"/>
  <testcase classname="tests.RegisteredUserCheckoutProduct" name="UserCanAddProductToShoppingCart" time="١.٥٦١"/>
  <testcase classname="tests.RegisteredUserCheckoutProduct" name="UserCanCheckoutProduct" time="١٢.١٣٦"/>
  <testcase classname="tests.RegisteredUserCheckoutProduct" name="RegisteredUserCanLogout" time="٠.٤٧٧"/>
</testsuite> <!-- tests.RegisteredUserCheckoutProduct -->
