<?xml version="1.0" encoding="UTF-8"?>
<!-- Generated by org.testng.reporters.JUnitReportReporter -->
<testsuite hostname="Lobna-PC" failures="0" tests="4" name="tests.MyAccountTest" time="٧.١٦٠" errors="0" timestamp="٢٠٢٦-٠٣-٢٩T٢٢:٥٩:٠٩ EET" skipped="0">
  <testcase classname="tests.MyAccountTest" name="userCanRegisterAndLoginSuccessfully" time="١.٨٥١"/>
  <testcase classname="tests.MyAccountTest" name="userCanChangePasswordSuccessfully" time="٢.٨١٢"/>
  <testcase classname="tests.MyAccountTest" name="userCanLogout" time="١.٣٨٧"/>
  <testcase classname="tests.MyAccountTest" name="userCanLoginWithNewPassword" time="١.١١٠"/>
</testsuite> <!-- tests.MyAccountTest -->
