<?xml version="1.0" encoding="UTF-8"?>
<!-- Generated by org.testng.reporters.JUnitReportReporter -->
<testsuite hostname="Lobna-PC" failures="0" tests="4" name="tests.AddProductReviewTest" time="١٠.٣٦٩" errors="0" timestamp="٢٠٢٦-٠٣-٢٩T٢٢:٥٩:٠٩ EET" skipped="0">
  <testcase classname="tests.AddProductReviewTest" name="userCanRegisterAndLoginSuccessfully" time="١.٨٣٥"/>
  <testcase classname="tests.AddProductReviewTest" name="UserCanSearchAutoSuggest" time="٥.٥٩٩"/>
  <testcase classname="tests.AddProductReviewTest" name="RegisteredUserCanReviewProduct" time="١.٤٥٧"/>
  <testcase classname="tests.AddProductReviewTest" name="RegisteredUserCanLogout" time="١.٤٧٨"/>
</testsuite> <!-- tests.AddProductReviewTest -->
