<?xml version="1.0" encoding="UTF-8"?>
<!-- Generated by org.testng.reporters.JUnitXMLReporter -->
<testsuite ignored="0" hostname="Lobna-PC" failures="0" tests="30" name="Regression Test" time="127.734" errors="0" timestamp="٢٠٢٦-٠٣-٢٩T٢٢:٥٩:٠٩ EET">
  <testcase classname="tests.UserRegistrationTest" name="userCanRegisterAndLoginSuccessfully" time="4.546"/>
  <testcase classname="tests.AddProductReviewTest" name="userCanRegisterAndLoginSuccessfully" time="1.835"/>
  <testcase classname="tests.AddProductReviewTest" name="UserCanSearchAutoSuggest" time="5.599"/>
  <testcase classname="tests.AddProductReviewTest" name="RegisteredUserCanReviewProduct" time="1.457"/>
  <testcase classname="tests.AddProductReviewTest" name="RegisteredUserCanLogout" time="1.478"/>
  <testcase classname="tests.AddProductToShoppingCartTest" name="UserCanSearchAutoSuggest" time="1.7"/>
  <testcase classname="tests.AddProductToShoppingCartTest" name="UserCanAddProductToShoppingCart" time="4.163"/>
  <testcase classname="tests.AddProductToShoppingCartTest" name="UserCanRemoveProductFromCart" time="0.238"/>
  <testcase classname="tests.AddProductToWishlistTest" name="UserCanSearchAutoSuggest" time="1.551"/>
  <testcase classname="tests.AddProductToWishlistTest" name="UserCanAddProductToWishlist" time="0.52"/>
  <testcase classname="tests.AddProductToWishlistTest" name="UserCanRemoveProductFromCart" time="0.301"/>
  <testcase classname="tests.ChangeCurrencyTest" name="UserCanChangeCurrency" time="0.566"/>
  <testcase classname="tests.ChangeCurrencyTest" name="UserCanSearchWithAutoSuggest" time="1.547"/>
  <testcase classname="tests.ContactUsTest" name="UserCanUseContactUs" time="1.323"/>
  <testcase classname="tests.EmailFriendTest" name="userCanRegisterAndLoginSuccessfully" time="1.6"/>
  <testcase classname="tests.EmailFriendTest" name="UserCanSearchAutoSuggest" time="1.53"/>
  <testcase classname="tests.EmailFriendTest" name="RegisteredUserCanSendProductToFriend" time="0.878"/>
  <testcase classname="tests.EmailFriendTest" name="RegisteredUserCanLogout" time="0.327"/>
  <testcase classname="tests.MyAccountTest" name="userCanRegisterAndLoginSuccessfully" time="1.851"/>
  <testcase classname="tests.MyAccountTest" name="userCanChangePasswordSuccessfully" time="2.812"/>
  <testcase classname="tests.MyAccountTest" name="userCanLogout" time="1.387"/>
  <testcase classname="tests.MyAccountTest" name="userCanLoginWithNewPassword" time="1.11"/>
  <testcase classname="tests.ProductHoverMenuTest" name="UserCanSelectSubCategoryFromMainMenu" time="2.364"/>
  <testcase classname="tests.RegisteredUserCheckoutProduct" name="UserCanRegisterSuccessfully" time="1.75"/>
  <testcase classname="tests.RegisteredUserCheckoutProduct" name="UserCanSearchWithAutosuggest" time="1.784"/>
  <testcase classname="tests.RegisteredUserCheckoutProduct" name="UserCanAddProductToShoppingCart" time="1.561"/>
  <testcase classname="tests.RegisteredUserCheckoutProduct" name="UserCanCheckoutProduct" time="12.136"/>
  <testcase classname="tests.RegisteredUserCheckoutProduct" name="RegisteredUserCanLogout" time="0.477"/>
  <testcase classname="tests.SearchProductTest" name="UserCanSearchForProduct" time="2.375"/>
  <testcase classname="tests.SearchProductUsingAutosugesst" name="UserCanSearchAutoSuggest" time="1.635"/>
</testsuite> <!-- Regression Test -->
